{"/Users/darlanmendonca/projects/generator-bitch/app/index.js":{"path":"/Users/darlanmendonca/projects/generator-bitch/app/index.js","s":{"1":1,"2":1,"3":1,"4":1,"5":1,"6":1,"7":1,"8":1,"9":1,"10":15,"11":15,"12":15,"13":15,"14":15,"15":15,"16":15,"17":15,"18":15,"19":15,"20":15,"21":15,"22":15,"23":189,"24":189,"25":120,"26":120,"27":45,"28":45,"29":189,"30":15,"31":15,"32":15,"33":15,"34":9,"35":6,"36":6,"37":6,"38":15,"39":15,"40":15,"41":15,"42":15,"43":15,"44":15,"45":5,"46":168,"47":5,"48":10,"49":5,"50":336,"51":5,"52":5,"53":15,"54":15,"55":15,"56":15,"57":15,"58":3,"59":12,"60":12,"61":12,"62":15,"63":15,"64":15,"65":3,"66":12,"67":12,"68":12,"69":12,"70":12,"71":15,"72":15,"73":15,"74":3,"75":12,"76":12,"77":12,"78":15,"79":15,"80":15,"81":15,"82":15,"83":15,"84":15,"85":15,"86":9,"87":6,"88":6,"89":6,"90":30,"91":6,"92":15,"93":15,"94":15,"95":9,"96":6,"97":6,"98":6,"99":6,"100":15,"101":6,"102":6,"103":15,"104":15,"105":15,"106":15,"107":15,"108":12,"109":12,"110":15,"111":6,"112":6,"113":6,"114":15,"115":6,"116":6,"117":6,"118":15,"119":6,"120":15,"121":12,"122":12,"123":12,"124":12,"125":6,"126":15,"127":12,"128":12,"129":15,"130":12,"131":12,"132":15,"133":6,"134":6,"135":6,"136":6,"137":15,"138":6,"139":6,"140":15,"141":12,"142":12,"143":12,"144":12,"145":15},"b":{"1":[120,45],"2":[120,48],"3":[45,36],"4":[9,6],"5":[3,3],"6":[5,10],"7":[5,10],"8":[5,5],"9":[12,3],"10":[3,12],"11":[3,12],"12":[3,12],"13":[9,6],"14":[15,12],"15":[9,6],"16":[15,12],"17":[3,3],"18":[6,9],"19":[15,6,12],"20":[12,3],"21":[15,6],"22":[6,9],"23":[6,9],"24":[15,9],"25":[6,9],"26":[15,9],"27":[12,3],"28":[6,6],"29":[12,3],"30":[12,3],"31":[6,9],"32":[15,3,12],"33":[6,9],"34":[15,3,12],"35":[12,3]},"f":{"1":15,"2":15,"3":15,"4":15,"5":15,"6":189,"7":15,"8":6,"9":15,"10":15,"11":168,"12":336,"13":15,"14":12,"15":15,"16":12,"17":15,"18":12,"19":15,"20":6,"21":15,"22":6,"23":15,"24":15,"25":15,"26":15,"27":15,"28":15,"29":15,"30":15,"31":15,"32":15,"33":15,"34":15,"35":15,"36":15},"fnMap":{"1":{"name":"(anonymous_1)","line":15,"loc":{"start":{"line":15,"column":14},"end":{"line":15,"column":26}}},"2":{"name":"(anonymous_2)","line":26,"loc":{"start":{"line":26,"column":10},"end":{"line":26,"column":21}}},"3":{"name":"(anonymous_3)","line":34,"loc":{"start":{"line":34,"column":22},"end":{"line":34,"column":37}}},"4":{"name":"(anonymous_4)","line":39,"loc":{"start":{"line":39,"column":10},"end":{"line":39,"column":21}}},"5":{"name":"(anonymous_5)","line":48,"loc":{"start":{"line":48,"column":22},"end":{"line":48,"column":37}}},"6":{"name":"(anonymous_6)","line":50,"loc":{"start":{"line":50,"column":20},"end":{"line":50,"column":36}}},"7":{"name":"(anonymous_7)","line":65,"loc":{"start":{"line":65,"column":12},"end":{"line":65,"column":23}}},"8":{"name":"(anonymous_8)","line":75,"loc":{"start":{"line":75,"column":23},"end":{"line":75,"column":38}}},"9":{"name":"(anonymous_9)","line":81,"loc":{"start":{"line":81,"column":13},"end":{"line":81,"column":24}}},"10":{"name":"(anonymous_10)","line":90,"loc":{"start":{"line":90,"column":22},"end":{"line":90,"column":37}}},"11":{"name":"(anonymous_11)","line":96,"loc":{"start":{"line":96,"column":16},"end":{"line":96,"column":32}}},"12":{"name":"(anonymous_12)","line":101,"loc":{"start":{"line":101,"column":16},"end":{"line":101,"column":32}}},"13":{"name":"(anonymous_13)","line":111,"loc":{"start":{"line":111,"column":13},"end":{"line":111,"column":24}}},"14":{"name":"(anonymous_14)","line":124,"loc":{"start":{"line":124,"column":23},"end":{"line":124,"column":38}}},"15":{"name":"(anonymous_15)","line":130,"loc":{"start":{"line":130,"column":15},"end":{"line":130,"column":26}}},"16":{"name":"(anonymous_16)","line":142,"loc":{"start":{"line":142,"column":23},"end":{"line":142,"column":38}}},"17":{"name":"(anonymous_17)","line":154,"loc":{"start":{"line":154,"column":15},"end":{"line":154,"column":26}}},"18":{"name":"(anonymous_18)","line":166,"loc":{"start":{"line":166,"column":23},"end":{"line":166,"column":38}}},"19":{"name":"(anonymous_19)","line":172,"loc":{"start":{"line":172,"column":19},"end":{"line":172,"column":30}}},"20":{"name":"(anonymous_20)","line":215,"loc":{"start":{"line":215,"column":23},"end":{"line":215,"column":38}}},"21":{"name":"(anonymous_21)","line":224,"loc":{"start":{"line":224,"column":15},"end":{"line":224,"column":26}}},"22":{"name":"(anonymous_22)","line":236,"loc":{"start":{"line":236,"column":26},"end":{"line":236,"column":41}}},"23":{"name":"(anonymous_23)","line":244,"loc":{"start":{"line":244,"column":15},"end":{"line":244,"column":26}}},"24":{"name":"(anonymous_24)","line":250,"loc":{"start":{"line":250,"column":10},"end":{"line":250,"column":21}}},"25":{"name":"(anonymous_25)","line":254,"loc":{"start":{"line":254,"column":8},"end":{"line":254,"column":19}}},"26":{"name":"(anonymous_26)","line":258,"loc":{"start":{"line":258,"column":9},"end":{"line":258,"column":20}}},"27":{"name":"(anonymous_27)","line":264,"loc":{"start":{"line":264,"column":11},"end":{"line":264,"column":22}}},"28":{"name":"(anonymous_28)","line":271,"loc":{"start":{"line":271,"column":8},"end":{"line":271,"column":19}}},"29":{"name":"(anonymous_29)","line":278,"loc":{"start":{"line":278,"column":8},"end":{"line":278,"column":19}}},"30":{"name":"(anonymous_30)","line":283,"loc":{"start":{"line":283,"column":10},"end":{"line":283,"column":21}}},"31":{"name":"(anonymous_31)","line":293,"loc":{"start":{"line":293,"column":9},"end":{"line":293,"column":20}}},"32":{"name":"(anonymous_32)","line":299,"loc":{"start":{"line":299,"column":10},"end":{"line":299,"column":21}}},"33":{"name":"(anonymous_33)","line":305,"loc":{"start":{"line":305,"column":11},"end":{"line":305,"column":22}}},"34":{"name":"(anonymous_34)","line":314,"loc":{"start":{"line":314,"column":10},"end":{"line":314,"column":21}}},"35":{"name":"(anonymous_35)","line":320,"loc":{"start":{"line":320,"column":9},"end":{"line":320,"column":20}}},"36":{"name":"(anonymous_36)","line":328,"loc":{"start":{"line":328,"column":10},"end":{"line":328,"column":21}}}},"statementMap":{"1":{"start":{"line":3,"column":0},"end":{"line":3,"column":45}},"2":{"start":{"line":4,"column":0},"end":{"line":4,"column":27}},"3":{"start":{"line":5,"column":0},"end":{"line":5,"column":27}},"4":{"start":{"line":6,"column":0},"end":{"line":6,"column":51}},"5":{"start":{"line":7,"column":0},"end":{"line":7,"column":31}},"6":{"start":{"line":9,"column":0},"end":{"line":9,"column":34}},"7":{"start":{"line":10,"column":0},"end":{"line":10,"column":32}},"8":{"start":{"line":11,"column":0},"end":{"line":11,"column":42}},"9":{"start":{"line":14,"column":0},"end":{"line":335,"column":3}},"10":{"start":{"line":16,"column":2},"end":{"line":16,"column":41}},"11":{"start":{"line":17,"column":2},"end":{"line":17,"column":25}},"12":{"start":{"line":19,"column":2},"end":{"line":24,"column":5}},"13":{"start":{"line":27,"column":2},"end":{"line":27,"column":26}},"14":{"start":{"line":28,"column":2},"end":{"line":33,"column":4}},"15":{"start":{"line":34,"column":2},"end":{"line":37,"column":16}},"16":{"start":{"line":35,"column":3},"end":{"line":35,"column":31}},"17":{"start":{"line":36,"column":3},"end":{"line":36,"column":10}},"18":{"start":{"line":40,"column":2},"end":{"line":40,"column":26}},"19":{"start":{"line":41,"column":2},"end":{"line":47,"column":4}},"20":{"start":{"line":48,"column":2},"end":{"line":63,"column":16}},"21":{"start":{"line":49,"column":3},"end":{"line":49,"column":31}},"22":{"start":{"line":50,"column":3},"end":{"line":61,"column":5}},"23":{"start":{"line":51,"column":4},"end":{"line":51,"column":11}},"24":{"start":{"line":52,"column":4},"end":{"line":59,"column":5}},"25":{"start":{"line":54,"column":6},"end":{"line":54,"column":65}},"26":{"start":{"line":55,"column":6},"end":{"line":55,"column":12}},"27":{"start":{"line":57,"column":6},"end":{"line":57,"column":64}},"28":{"start":{"line":58,"column":6},"end":{"line":58,"column":12}},"29":{"start":{"line":60,"column":4},"end":{"line":60,"column":14}},"30":{"start":{"line":62,"column":3},"end":{"line":62,"column":10}},"31":{"start":{"line":66,"column":2},"end":{"line":66,"column":26}},"32":{"start":{"line":67,"column":2},"end":{"line":71,"column":4}},"33":{"start":{"line":72,"column":2},"end":{"line":79,"column":3}},"34":{"start":{"line":73,"column":3},"end":{"line":73,"column":10}},"35":{"start":{"line":75,"column":3},"end":{"line":78,"column":17}},"36":{"start":{"line":76,"column":4},"end":{"line":76,"column":58}},"37":{"start":{"line":77,"column":4},"end":{"line":77,"column":11}},"38":{"start":{"line":82,"column":2},"end":{"line":82,"column":26}},"39":{"start":{"line":83,"column":2},"end":{"line":89,"column":4}},"40":{"start":{"line":90,"column":2},"end":{"line":109,"column":16}},"41":{"start":{"line":91,"column":3},"end":{"line":91,"column":37}},"42":{"start":{"line":92,"column":3},"end":{"line":92,"column":73}},"43":{"start":{"line":93,"column":3},"end":{"line":93,"column":17}},"44":{"start":{"line":95,"column":3},"end":{"line":106,"column":4}},"45":{"start":{"line":96,"column":4},"end":{"line":98,"column":6}},"46":{"start":{"line":97,"column":5},"end":{"line":97,"column":46}},"47":{"start":{"line":99,"column":4},"end":{"line":99,"column":61}},"48":{"start":{"line":100,"column":10},"end":{"line":106,"column":4}},"49":{"start":{"line":101,"column":4},"end":{"line":103,"column":6}},"50":{"start":{"line":102,"column":5},"end":{"line":102,"column":46}},"51":{"start":{"line":104,"column":4},"end":{"line":104,"column":61}},"52":{"start":{"line":105,"column":4},"end":{"line":105,"column":65}},"53":{"start":{"line":108,"column":3},"end":{"line":108,"column":10}},"54":{"start":{"line":112,"column":2},"end":{"line":112,"column":26}},"55":{"start":{"line":113,"column":2},"end":{"line":113,"column":75}},"56":{"start":{"line":114,"column":2},"end":{"line":120,"column":4}},"57":{"start":{"line":121,"column":2},"end":{"line":128,"column":3}},"58":{"start":{"line":122,"column":3},"end":{"line":122,"column":10}},"59":{"start":{"line":124,"column":3},"end":{"line":127,"column":17}},"60":{"start":{"line":125,"column":4},"end":{"line":125,"column":38}},"61":{"start":{"line":126,"column":4},"end":{"line":126,"column":11}},"62":{"start":{"line":131,"column":2},"end":{"line":131,"column":26}},"63":{"start":{"line":132,"column":2},"end":{"line":138,"column":4}},"64":{"start":{"line":139,"column":2},"end":{"line":152,"column":3}},"65":{"start":{"line":140,"column":3},"end":{"line":140,"column":10}},"66":{"start":{"line":142,"column":3},"end":{"line":151,"column":17}},"67":{"start":{"line":143,"column":4},"end":{"line":143,"column":42}},"68":{"start":{"line":144,"column":4},"end":{"line":148,"column":6}},"69":{"start":{"line":149,"column":4},"end":{"line":149,"column":54}},"70":{"start":{"line":150,"column":4},"end":{"line":150,"column":11}},"71":{"start":{"line":155,"column":2},"end":{"line":155,"column":26}},"72":{"start":{"line":156,"column":2},"end":{"line":162,"column":4}},"73":{"start":{"line":163,"column":2},"end":{"line":170,"column":3}},"74":{"start":{"line":164,"column":3},"end":{"line":164,"column":10}},"75":{"start":{"line":166,"column":3},"end":{"line":169,"column":17}},"76":{"start":{"line":167,"column":4},"end":{"line":167,"column":42}},"77":{"start":{"line":168,"column":4},"end":{"line":168,"column":11}},"78":{"start":{"line":173,"column":2},"end":{"line":173,"column":26}},"79":{"start":{"line":174,"column":2},"end":{"line":174,"column":25}},"80":{"start":{"line":175,"column":2},"end":{"line":175,"column":25}},"81":{"start":{"line":176,"column":2},"end":{"line":176,"column":26}},"82":{"start":{"line":177,"column":2},"end":{"line":177,"column":26}},"83":{"start":{"line":178,"column":2},"end":{"line":178,"column":23}},"84":{"start":{"line":180,"column":2},"end":{"line":211,"column":4}},"85":{"start":{"line":212,"column":2},"end":{"line":222,"column":3}},"86":{"start":{"line":213,"column":3},"end":{"line":213,"column":10}},"87":{"start":{"line":215,"column":3},"end":{"line":221,"column":17}},"88":{"start":{"line":216,"column":4},"end":{"line":216,"column":50}},"89":{"start":{"line":217,"column":4},"end":{"line":219,"column":5}},"90":{"start":{"line":218,"column":5},"end":{"line":218,"column":45}},"91":{"start":{"line":220,"column":4},"end":{"line":220,"column":11}},"92":{"start":{"line":225,"column":2},"end":{"line":225,"column":26}},"93":{"start":{"line":226,"column":4},"end":{"line":232,"column":6}},"94":{"start":{"line":233,"column":4},"end":{"line":242,"column":5}},"95":{"start":{"line":234,"column":6},"end":{"line":234,"column":13}},"96":{"start":{"line":236,"column":6},"end":{"line":241,"column":20}},"97":{"start":{"line":237,"column":8},"end":{"line":237,"column":46}},"98":{"start":{"line":238,"column":8},"end":{"line":239,"column":32}},"99":{"start":{"line":240,"column":8},"end":{"line":240,"column":15}},"100":{"start":{"line":245,"column":3},"end":{"line":248,"column":5}},"101":{"start":{"line":246,"column":5},"end":{"line":246,"column":69}},"102":{"start":{"line":247,"column":6},"end":{"line":247,"column":31}},"103":{"start":{"line":251,"column":4},"end":{"line":251,"column":69}},"104":{"start":{"line":252,"column":4},"end":{"line":252,"column":29}},"105":{"start":{"line":255,"column":4},"end":{"line":255,"column":67}},"106":{"start":{"line":256,"column":4},"end":{"line":256,"column":29}},"107":{"start":{"line":259,"column":4},"end":{"line":262,"column":5}},"108":{"start":{"line":260,"column":6},"end":{"line":260,"column":70}},"109":{"start":{"line":261,"column":6},"end":{"line":261,"column":31}},"110":{"start":{"line":265,"column":4},"end":{"line":269,"column":5}},"111":{"start":{"line":266,"column":5},"end":{"line":266,"column":22}},"112":{"start":{"line":267,"column":6},"end":{"line":267,"column":72}},"113":{"start":{"line":268,"column":6},"end":{"line":268,"column":38}},"114":{"start":{"line":272,"column":4},"end":{"line":276,"column":5}},"115":{"start":{"line":273,"column":6},"end":{"line":273,"column":21}},"116":{"start":{"line":274,"column":6},"end":{"line":274,"column":69}},"117":{"start":{"line":275,"column":6},"end":{"line":275,"column":36}},"118":{"start":{"line":279,"column":4},"end":{"line":281,"column":5}},"119":{"start":{"line":280,"column":6},"end":{"line":280,"column":28}},"120":{"start":{"line":284,"column":4},"end":{"line":291,"column":5}},"121":{"start":{"line":285,"column":6},"end":{"line":285,"column":28}},"122":{"start":{"line":286,"column":6},"end":{"line":286,"column":41}},"123":{"start":{"line":287,"column":6},"end":{"line":287,"column":31}},"124":{"start":{"line":288,"column":6},"end":{"line":290,"column":7}},"125":{"start":{"line":289,"column":8},"end":{"line":289,"column":44}},"126":{"start":{"line":294,"column":4},"end":{"line":297,"column":5}},"127":{"start":{"line":295,"column":6},"end":{"line":295,"column":87}},"128":{"start":{"line":296,"column":6},"end":{"line":296,"column":42}},"129":{"start":{"line":300,"column":4},"end":{"line":303,"column":5}},"130":{"start":{"line":301,"column":6},"end":{"line":301,"column":90}},"131":{"start":{"line":302,"column":6},"end":{"line":302,"column":43}},"132":{"start":{"line":306,"column":4},"end":{"line":312,"column":3}},"133":{"start":{"line":307,"column":6},"end":{"line":307,"column":72}},"134":{"start":{"line":308,"column":6},"end":{"line":308,"column":44}},"135":{"start":{"line":310,"column":3},"end":{"line":310,"column":96}},"136":{"start":{"line":311,"column":3},"end":{"line":311,"column":41}},"137":{"start":{"line":315,"column":2},"end":{"line":318,"column":5}},"138":{"start":{"line":316,"column":3},"end":{"line":316,"column":69}},"139":{"start":{"line":317,"column":6},"end":{"line":317,"column":44}},"140":{"start":{"line":321,"column":2},"end":{"line":326,"column":3}},"141":{"start":{"line":322,"column":3},"end":{"line":322,"column":68}},"142":{"start":{"line":323,"column":3},"end":{"line":323,"column":33}},"143":{"start":{"line":324,"column":3},"end":{"line":324,"column":33}},"144":{"start":{"line":325,"column":3},"end":{"line":325,"column":28}},"145":{"start":{"line":329,"column":2},"end":{"line":333,"column":5}}},"branchMap":{"1":{"line":52,"type":"switch","locations":[{"start":{"line":53,"column":4},"end":{"line":55,"column":12}},{"start":{"line":56,"column":5},"end":{"line":58,"column":12}}]},"2":{"line":54,"type":"binary-expr","locations":[{"start":{"line":54,"column":12},"end":{"line":54,"column":37}},{"start":{"line":54,"column":41},"end":{"line":54,"column":64}}]},"3":{"line":57,"type":"binary-expr","locations":[{"start":{"line":57,"column":11},"end":{"line":57,"column":36}},{"start":{"line":57,"column":40},"end":{"line":57,"column":63}}]},"4":{"line":72,"type":"if","locations":[{"start":{"line":72,"column":2},"end":{"line":72,"column":2}},{"start":{"line":72,"column":2},"end":{"line":72,"column":2}}]},"5":{"line":76,"type":"cond-expr","locations":[{"start":{"line":76,"column":38},"end":{"line":76,"column":52}},{"start":{"line":76,"column":55},"end":{"line":76,"column":57}}]},"6":{"line":92,"type":"cond-expr","locations":[{"start":{"line":92,"column":57},"end":{"line":92,"column":65}},{"start":{"line":92,"column":68},"end":{"line":92,"column":72}}]},"7":{"line":95,"type":"if","locations":[{"start":{"line":95,"column":3},"end":{"line":95,"column":3}},{"start":{"line":95,"column":3},"end":{"line":95,"column":3}}]},"8":{"line":100,"type":"if","locations":[{"start":{"line":100,"column":10},"end":{"line":100,"column":10}},{"start":{"line":100,"column":10},"end":{"line":100,"column":10}}]},"9":{"line":113,"type":"cond-expr","locations":[{"start":{"line":113,"column":43},"end":{"line":113,"column":58}},{"start":{"line":113,"column":61},"end":{"line":113,"column":74}}]},"10":{"line":121,"type":"if","locations":[{"start":{"line":121,"column":2},"end":{"line":121,"column":2}},{"start":{"line":121,"column":2},"end":{"line":121,"column":2}}]},"11":{"line":139,"type":"if","locations":[{"start":{"line":139,"column":2},"end":{"line":139,"column":2}},{"start":{"line":139,"column":2},"end":{"line":139,"column":2}}]},"12":{"line":163,"type":"if","locations":[{"start":{"line":163,"column":2},"end":{"line":163,"column":2}},{"start":{"line":163,"column":2},"end":{"line":163,"column":2}}]},"13":{"line":212,"type":"if","locations":[{"start":{"line":212,"column":2},"end":{"line":212,"column":2}},{"start":{"line":212,"column":2},"end":{"line":212,"column":2}}]},"14":{"line":212,"type":"binary-expr","locations":[{"start":{"line":212,"column":6},"end":{"line":212,"column":31}},{"start":{"line":212,"column":35},"end":{"line":212,"column":66}}]},"15":{"line":233,"type":"if","locations":[{"start":{"line":233,"column":4},"end":{"line":233,"column":4}},{"start":{"line":233,"column":4},"end":{"line":233,"column":4}}]},"16":{"line":233,"type":"binary-expr","locations":[{"start":{"line":233,"column":8},"end":{"line":233,"column":33}},{"start":{"line":233,"column":37},"end":{"line":233,"column":68}}]},"17":{"line":238,"type":"cond-expr","locations":[{"start":{"line":239,"column":10},"end":{"line":239,"column":19}},{"start":{"line":239,"column":22},"end":{"line":239,"column":31}}]},"18":{"line":245,"type":"if","locations":[{"start":{"line":245,"column":3},"end":{"line":245,"column":3}},{"start":{"line":245,"column":3},"end":{"line":245,"column":3}}]},"19":{"line":245,"type":"binary-expr","locations":[{"start":{"line":245,"column":8},"end":{"line":245,"column":33}},{"start":{"line":245,"column":37},"end":{"line":245,"column":60}},{"start":{"line":245,"column":65},"end":{"line":245,"column":96}}]},"20":{"line":259,"type":"if","locations":[{"start":{"line":259,"column":4},"end":{"line":259,"column":4}},{"start":{"line":259,"column":4},"end":{"line":259,"column":4}}]},"21":{"line":259,"type":"binary-expr","locations":[{"start":{"line":259,"column":8},"end":{"line":259,"column":33}},{"start":{"line":259,"column":37},"end":{"line":259,"column":60}}]},"22":{"line":265,"type":"if","locations":[{"start":{"line":265,"column":4},"end":{"line":265,"column":4}},{"start":{"line":265,"column":4},"end":{"line":265,"column":4}}]},"23":{"line":272,"type":"if","locations":[{"start":{"line":272,"column":4},"end":{"line":272,"column":4}},{"start":{"line":272,"column":4},"end":{"line":272,"column":4}}]},"24":{"line":272,"type":"binary-expr","locations":[{"start":{"line":272,"column":8},"end":{"line":272,"column":32}},{"start":{"line":272,"column":36},"end":{"line":272,"column":58}}]},"25":{"line":279,"type":"if","locations":[{"start":{"line":279,"column":4},"end":{"line":279,"column":4}},{"start":{"line":279,"column":4},"end":{"line":279,"column":4}}]},"26":{"line":279,"type":"binary-expr","locations":[{"start":{"line":279,"column":8},"end":{"line":279,"column":32}},{"start":{"line":279,"column":36},"end":{"line":279,"column":58}}]},"27":{"line":284,"type":"if","locations":[{"start":{"line":284,"column":4},"end":{"line":284,"column":4}},{"start":{"line":284,"column":4},"end":{"line":284,"column":4}}]},"28":{"line":288,"type":"if","locations":[{"start":{"line":288,"column":6},"end":{"line":288,"column":6}},{"start":{"line":288,"column":6},"end":{"line":288,"column":6}}]},"29":{"line":294,"type":"if","locations":[{"start":{"line":294,"column":4},"end":{"line":294,"column":4}},{"start":{"line":294,"column":4},"end":{"line":294,"column":4}}]},"30":{"line":300,"type":"if","locations":[{"start":{"line":300,"column":4},"end":{"line":300,"column":4}},{"start":{"line":300,"column":4},"end":{"line":300,"column":4}}]},"31":{"line":306,"type":"if","locations":[{"start":{"line":306,"column":4},"end":{"line":306,"column":4}},{"start":{"line":306,"column":4},"end":{"line":306,"column":4}}]},"32":{"line":306,"type":"binary-expr","locations":[{"start":{"line":306,"column":9},"end":{"line":306,"column":33}},{"start":{"line":306,"column":37},"end":{"line":306,"column":59}},{"start":{"line":306,"column":64},"end":{"line":306,"column":95}}]},"33":{"line":315,"type":"if","locations":[{"start":{"line":315,"column":2},"end":{"line":315,"column":2}},{"start":{"line":315,"column":2},"end":{"line":315,"column":2}}]},"34":{"line":315,"type":"binary-expr","locations":[{"start":{"line":315,"column":7},"end":{"line":315,"column":31}},{"start":{"line":315,"column":35},"end":{"line":315,"column":57}},{"start":{"line":315,"column":62},"end":{"line":315,"column":90}}]},"35":{"line":321,"type":"if","locations":[{"start":{"line":321,"column":2},"end":{"line":321,"column":2}},{"start":{"line":321,"column":2},"end":{"line":321,"column":2}}]}}}}