TN:
SF:/Users/darlanmendonca/projects/generator-bitch/app/index.js
FN:15,(anonymous_1)
FN:26,(anonymous_2)
FN:34,(anonymous_3)
FN:39,(anonymous_4)
FN:48,(anonymous_5)
FN:50,(anonymous_6)
FN:65,(anonymous_7)
FN:75,(anonymous_8)
FN:81,(anonymous_9)
FN:90,(anonymous_10)
FN:96,(anonymous_11)
FN:101,(anonymous_12)
FN:111,(anonymous_13)
FN:124,(anonymous_14)
FN:130,(anonymous_15)
FN:142,(anonymous_16)
FN:154,(anonymous_17)
FN:166,(anonymous_18)
FN:172,(anonymous_19)
FN:215,(anonymous_20)
FN:224,(anonymous_21)
FN:236,(anonymous_22)
FN:244,(anonymous_23)
FN:250,(anonymous_24)
FN:254,(anonymous_25)
FN:258,(anonymous_26)
FN:264,(anonymous_27)
FN:271,(anonymous_28)
FN:278,(anonymous_29)
FN:283,(anonymous_30)
FN:293,(anonymous_31)
FN:299,(anonymous_32)
FN:305,(anonymous_33)
FN:314,(anonymous_34)
FN:320,(anonymous_35)
FN:328,(anonymous_36)
FNF:36
FNH:36
FNDA:12,(anonymous_1)
FNDA:12,(anonymous_2)
FNDA:12,(anonymous_3)
FNDA:12,(anonymous_4)
FNDA:12,(anonymous_5)
FNDA:150,(anonymous_6)
FNDA:12,(anonymous_7)
FNDA:6,(anonymous_8)
FNDA:12,(anonymous_9)
FNDA:12,(anonymous_10)
FNDA:130,(anonymous_11)
FNDA:260,(anonymous_12)
FNDA:12,(anonymous_13)
FNDA:9,(anonymous_14)
FNDA:12,(anonymous_15)
FNDA:9,(anonymous_16)
FNDA:12,(anonymous_17)
FNDA:9,(anonymous_18)
FNDA:12,(anonymous_19)
FNDA:3,(anonymous_20)
FNDA:12,(anonymous_21)
FNDA:3,(anonymous_22)
FNDA:12,(anonymous_23)
FNDA:12,(anonymous_24)
FNDA:12,(anonymous_25)
FNDA:12,(anonymous_26)
FNDA:12,(anonymous_27)
FNDA:12,(anonymous_28)
FNDA:12,(anonymous_29)
FNDA:12,(anonymous_30)
FNDA:12,(anonymous_31)
FNDA:12,(anonymous_32)
FNDA:12,(anonymous_33)
FNDA:12,(anonymous_34)
FNDA:12,(anonymous_35)
FNDA:12,(anonymous_36)
DA:3,1
DA:4,1
DA:5,1
DA:6,1
DA:7,1
DA:9,1
DA:10,1
DA:11,1
DA:14,1
DA:16,12
DA:17,12
DA:19,12
DA:27,12
DA:28,12
DA:34,12
DA:35,12
DA:36,12
DA:40,12
DA:41,12
DA:48,12
DA:49,12
DA:50,12
DA:51,150
DA:52,150
DA:54,96
DA:55,96
DA:57,36
DA:58,36
DA:60,150
DA:62,12
DA:66,12
DA:67,12
DA:72,12
DA:73,6
DA:75,6
DA:76,6
DA:77,6
DA:82,12
DA:83,12
DA:90,12
DA:91,12
DA:92,12
DA:93,12
DA:95,12
DA:96,4
DA:97,130
DA:99,4
DA:100,8
DA:101,4
DA:102,260
DA:104,4
DA:105,4
DA:108,12
DA:112,12
DA:113,12
DA:114,12
DA:121,12
DA:122,3
DA:124,9
DA:125,9
DA:126,9
DA:131,12
DA:132,12
DA:139,12
DA:140,3
DA:142,9
DA:143,9
DA:144,9
DA:149,9
DA:150,9
DA:155,12
DA:156,12
DA:163,12
DA:164,3
DA:166,9
DA:167,9
DA:168,9
DA:173,12
DA:174,12
DA:175,12
DA:176,12
DA:177,12
DA:178,12
DA:180,12
DA:212,12
DA:213,9
DA:215,3
DA:216,3
DA:217,3
DA:218,15
DA:220,3
DA:225,12
DA:226,12
DA:233,12
DA:234,9
DA:236,3
DA:237,3
DA:238,3
DA:240,3
DA:245,12
DA:246,3
DA:247,3
DA:251,12
DA:252,12
DA:255,12
DA:256,12
DA:259,12
DA:260,9
DA:261,9
DA:265,12
DA:266,6
DA:267,6
DA:268,6
DA:272,12
DA:273,6
DA:274,6
DA:275,6
DA:279,12
DA:280,6
DA:284,12
DA:285,9
DA:286,9
DA:287,9
DA:288,9
DA:289,3
DA:294,12
DA:295,9
DA:296,9
DA:300,12
DA:301,9
DA:302,9
DA:306,12
DA:307,3
DA:308,3
DA:310,3
DA:311,3
DA:315,12
DA:316,6
DA:317,6
DA:321,12
DA:322,9
DA:323,9
DA:324,9
DA:325,9
DA:329,12
LF:145
LH:145
BRDA:52,1,0,96
BRDA:52,1,1,36
BRDA:54,2,0,96
BRDA:54,2,1,48
BRDA:57,3,0,36
BRDA:57,3,1,27
BRDA:72,4,0,6
BRDA:72,4,1,6
BRDA:76,5,0,3
BRDA:76,5,1,3
BRDA:92,6,0,4
BRDA:92,6,1,8
BRDA:95,7,0,4
BRDA:95,7,1,8
BRDA:100,8,0,4
BRDA:100,8,1,4
BRDA:113,9,0,9
BRDA:113,9,1,3
BRDA:121,10,0,3
BRDA:121,10,1,9
BRDA:139,11,0,3
BRDA:139,11,1,9
BRDA:163,12,0,3
BRDA:163,12,1,9
BRDA:212,13,0,9
BRDA:212,13,1,3
BRDA:212,14,0,12
BRDA:212,14,1,9
BRDA:233,15,0,9
BRDA:233,15,1,3
BRDA:233,16,0,12
BRDA:233,16,1,9
BRDA:238,17,0,3
BRDA:238,17,1,0
BRDA:245,18,0,3
BRDA:245,18,1,9
BRDA:245,19,0,12
BRDA:245,19,1,6
BRDA:245,19,2,9
BRDA:259,20,0,9
BRDA:259,20,1,3
BRDA:259,21,0,12
BRDA:259,21,1,6
BRDA:265,22,0,6
BRDA:265,22,1,6
BRDA:272,23,0,6
BRDA:272,23,1,6
BRDA:272,24,0,12
BRDA:272,24,1,6
BRDA:279,25,0,6
BRDA:279,25,1,6
BRDA:279,26,0,12
BRDA:279,26,1,6
BRDA:284,27,0,9
BRDA:284,27,1,3
BRDA:288,28,0,3
BRDA:288,28,1,6
BRDA:294,29,0,9
BRDA:294,29,1,3
BRDA:300,30,0,9
BRDA:300,30,1,3
BRDA:306,31,0,3
BRDA:306,31,1,9
BRDA:306,32,0,12
BRDA:306,32,1,3
BRDA:306,32,2,9
BRDA:315,33,0,6
BRDA:315,33,1,6
BRDA:315,34,0,12
BRDA:315,34,1,3
BRDA:315,34,2,9
BRDA:321,35,0,9
BRDA:321,35,1,3
BRF:73
BRH:72
end_of_record
