TN:
SF:/Users/darlanmendonca/projects/node/generators/generator-bitch/app/index.js
FN:15,(anonymous_1)
FN:26,(anonymous_2)
FN:34,(anonymous_3)
FN:39,(anonymous_4)
FN:48,(anonymous_5)
FN:50,(anonymous_6)
FN:65,(anonymous_7)
FN:75,(anonymous_8)
FN:81,(anonymous_9)
FN:90,(anonymous_10)
FN:96,(anonymous_11)
FN:101,(anonymous_12)
FN:111,(anonymous_13)
FN:124,(anonymous_14)
FN:130,(anonymous_15)
FN:142,(anonymous_16)
FN:154,(anonymous_17)
FN:166,(anonymous_18)
FN:172,(anonymous_19)
FN:215,(anonymous_20)
FN:224,(anonymous_21)
FN:236,(anonymous_22)
FN:244,(anonymous_23)
FN:250,(anonymous_24)
FN:254,(anonymous_25)
FN:258,(anonymous_26)
FN:264,(anonymous_27)
FN:271,(anonymous_28)
FN:278,(anonymous_29)
FN:283,(anonymous_30)
FN:293,(anonymous_31)
FN:299,(anonymous_32)
FN:305,(anonymous_33)
FN:314,(anonymous_34)
FN:320,(anonymous_35)
FN:328,(anonymous_36)
FNF:36
FNH:34
FNDA:9,(anonymous_1)
FNDA:9,(anonymous_2)
FNDA:9,(anonymous_3)
FNDA:9,(anonymous_4)
FNDA:9,(anonymous_5)
FNDA:111,(anonymous_6)
FNDA:9,(anonymous_7)
FNDA:6,(anonymous_8)
FNDA:9,(anonymous_9)
FNDA:9,(anonymous_10)
FNDA:108,(anonymous_11)
FNDA:216,(anonymous_12)
FNDA:9,(anonymous_13)
FNDA:6,(anonymous_14)
FNDA:9,(anonymous_15)
FNDA:6,(anonymous_16)
FNDA:9,(anonymous_17)
FNDA:6,(anonymous_18)
FNDA:9,(anonymous_19)
FNDA:0,(anonymous_20)
FNDA:9,(anonymous_21)
FNDA:0,(anonymous_22)
FNDA:9,(anonymous_23)
FNDA:9,(anonymous_24)
FNDA:9,(anonymous_25)
FNDA:9,(anonymous_26)
FNDA:9,(anonymous_27)
FNDA:9,(anonymous_28)
FNDA:9,(anonymous_29)
FNDA:9,(anonymous_30)
FNDA:9,(anonymous_31)
FNDA:9,(anonymous_32)
FNDA:9,(anonymous_33)
FNDA:9,(anonymous_34)
FNDA:9,(anonymous_35)
FNDA:9,(anonymous_36)
DA:3,1
DA:4,1
DA:5,1
DA:6,1
DA:7,1
DA:9,1
DA:10,1
DA:11,1
DA:14,1
DA:16,9
DA:17,9
DA:19,9
DA:27,9
DA:28,9
DA:34,9
DA:35,9
DA:36,9
DA:40,9
DA:41,9
DA:48,9
DA:49,9
DA:50,9
DA:51,111
DA:52,111
DA:54,72
DA:55,72
DA:57,27
DA:58,27
DA:60,111
DA:62,9
DA:66,9
DA:67,9
DA:72,9
DA:73,3
DA:75,6
DA:76,6
DA:77,6
DA:82,9
DA:83,9
DA:90,9
DA:91,9
DA:92,9
DA:93,9
DA:95,9
DA:96,3
DA:97,108
DA:99,3
DA:100,6
DA:101,3
DA:102,216
DA:104,3
DA:105,3
DA:108,9
DA:112,9
DA:113,9
DA:114,9
DA:121,9
DA:122,3
DA:124,6
DA:125,6
DA:126,6
DA:131,9
DA:132,9
DA:139,9
DA:140,3
DA:142,6
DA:143,6
DA:144,6
DA:149,6
DA:150,6
DA:155,9
DA:156,9
DA:163,9
DA:164,3
DA:166,6
DA:167,6
DA:168,6
DA:173,9
DA:174,9
DA:175,9
DA:176,9
DA:177,9
DA:178,9
DA:180,9
DA:212,9
DA:213,9
DA:215,0
DA:216,0
DA:217,0
DA:218,0
DA:220,0
DA:225,9
DA:226,9
DA:233,9
DA:234,9
DA:236,0
DA:237,0
DA:238,0
DA:240,0
DA:245,9
DA:246,0
DA:247,0
DA:251,9
DA:252,9
DA:255,9
DA:256,9
DA:259,9
DA:260,6
DA:261,6
DA:265,9
DA:266,6
DA:267,6
DA:268,6
DA:272,9
DA:273,6
DA:274,6
DA:275,6
DA:279,9
DA:280,6
DA:284,9
DA:285,6
DA:286,6
DA:287,6
DA:288,6
DA:289,0
DA:294,9
DA:295,6
DA:296,6
DA:300,9
DA:301,6
DA:302,6
DA:306,9
DA:307,0
DA:308,0
DA:310,0
DA:311,0
DA:315,9
DA:316,6
DA:317,6
DA:321,9
DA:322,6
DA:323,6
DA:324,6
DA:325,6
DA:329,9
LF:145
LH:129
BRDA:52,1,0,72
BRDA:52,1,1,27
BRDA:54,2,0,72
BRDA:54,2,1,48
BRDA:57,3,0,27
BRDA:57,3,1,18
BRDA:72,4,0,3
BRDA:72,4,1,6
BRDA:76,5,0,3
BRDA:76,5,1,3
BRDA:92,6,0,3
BRDA:92,6,1,6
BRDA:95,7,0,3
BRDA:95,7,1,6
BRDA:100,8,0,3
BRDA:100,8,1,3
BRDA:113,9,0,6
BRDA:113,9,1,3
BRDA:121,10,0,3
BRDA:121,10,1,6
BRDA:139,11,0,3
BRDA:139,11,1,6
BRDA:163,12,0,3
BRDA:163,12,1,6
BRDA:212,13,0,9
BRDA:212,13,1,0
BRDA:212,14,0,9
BRDA:212,14,1,6
BRDA:233,15,0,9
BRDA:233,15,1,0
BRDA:233,16,0,9
BRDA:233,16,1,6
BRDA:238,17,0,0
BRDA:238,17,1,0
BRDA:245,18,0,0
BRDA:245,18,1,9
BRDA:245,19,0,9
BRDA:245,19,1,6
BRDA:245,19,2,6
BRDA:259,20,0,6
BRDA:259,20,1,3
BRDA:259,21,0,9
BRDA:259,21,1,6
BRDA:265,22,0,6
BRDA:265,22,1,3
BRDA:272,23,0,6
BRDA:272,23,1,3
BRDA:272,24,0,9
BRDA:272,24,1,3
BRDA:279,25,0,6
BRDA:279,25,1,3
BRDA:279,26,0,9
BRDA:279,26,1,3
BRDA:284,27,0,6
BRDA:284,27,1,3
BRDA:288,28,0,0
BRDA:288,28,1,6
BRDA:294,29,0,6
BRDA:294,29,1,3
BRDA:300,30,0,6
BRDA:300,30,1,3
BRDA:306,31,0,0
BRDA:306,31,1,9
BRDA:306,32,0,9
BRDA:306,32,1,3
BRDA:306,32,2,6
BRDA:315,33,0,6
BRDA:315,33,1,3
BRDA:315,34,0,9
BRDA:315,34,1,3
BRDA:315,34,2,6
BRDA:321,35,0,6
BRDA:321,35,1,3
BRF:73
BRH:66
end_of_record
